<?xml version="1.0" encoding="UTF-8"?>
<!-- Generated by org.testng.reporters.JUnitXMLReporter -->
<testsuite ignored="4" hostname="TDhande" failures="6" tests="6" name="OrangeHRMTest1" time="0.406" errors="0" timestamp="2025-10-10T14:41:07 IST">
  <testcase classname="com.test.LoginTest" name="loginWithValidUsernameAndValidPassword" time="0.05">
    <failure type="java.lang.NullPointerException" message="Cannot invoke &amp;quot;org.openqa.selenium.TakesScreenshot.getScreenshotAs(org.openqa.selenium.OutputType)&amp;quot; because &amp;quot;screenshot&amp;quot; is null">
      <![CDATA[java.lang.NullPointerException: Cannot invoke "org.openqa.selenium.TakesScreenshot.getScreenshotAs(org.openqa.selenium.OutputType)" because "screenshot" is null
at com.report.ExtentFactory.captureApplicationScreenshot(ExtentFactory.java:59)
at com.report.ExtentFactory.failTest(ExtentFactory.java:102)
at com.waits.ExplicitWaitActions.waitForElementToBePresent(ExplicitWaitActions.java:31)
at com.base.BasePage.sendKeys(BasePage.java:45)
at com.pages.LoginPage.loginToApplication(LoginPage.java:29)
at com.test.LoginTest.loginWithValidUsernameAndValidPassword(LoginTest.java:22)
at java.base/java.util.ArrayList.forEach(ArrayList.java:1596)
at java.base/java.util.concurrent.FutureTask.run(FutureTask.java:317)
at java.base/java.util.concurrent.ThreadPoolExecutor.runWorker(ThreadPoolExecutor.java:1144)
at java.base/java.util.concurrent.ThreadPoolExecutor$Worker.run(ThreadPoolExecutor.java:642)
at java.base/java.lang.Thread.run(Thread.java:1583)
... Removed 15 stack frames]]>
    </failure>
  </testcase> <!-- loginWithValidUsernameAndValidPassword -->
  <testcase classname="com.test.HomePageTest" name="checkIfAdminPageisOpened" time="0.004">
    <failure type="java.lang.NullPointerException" message="Cannot invoke &amp;quot;org.openqa.selenium.TakesScreenshot.getScreenshotAs(org.openqa.selenium.OutputType)&amp;quot; because &amp;quot;screenshot&amp;quot; is null">
      <![CDATA[java.lang.NullPointerException: Cannot invoke "org.openqa.selenium.TakesScreenshot.getScreenshotAs(org.openqa.selenium.OutputType)" because "screenshot" is null
at com.report.ExtentFactory.captureApplicationScreenshot(ExtentFactory.java:59)
at com.report.ExtentFactory.failTest(ExtentFactory.java:102)
at com.waits.ExplicitWaitActions.waitForElementToBeClickable(ExplicitWaitActions.java:47)
at com.base.BasePage.click(BasePage.java:35)
at com.pages.HomePage.CheckAdminPage(HomePage.java:39)
at com.test.HomePageTest.checkIfAdminPageisOpened(HomePageTest.java:24)
at java.base/java.util.ArrayList.forEach(ArrayList.java:1596)
at java.base/java.util.concurrent.FutureTask.run(FutureTask.java:317)
at java.base/java.util.concurrent.ThreadPoolExecutor.runWorker(ThreadPoolExecutor.java:1144)
at java.base/java.util.concurrent.ThreadPoolExecutor$Worker.run(ThreadPoolExecutor.java:642)
at java.base/java.lang.Thread.run(Thread.java:1583)
... Removed 15 stack frames]]>
    </failure>
  </testcase> <!-- checkIfAdminPageisOpened -->
  <testcase classname="com.test.AdminPageTest" name="checkIfAdminIsSerching" time="0.002">
    <failure type="java.lang.NullPointerException" message="Cannot invoke &amp;quot;org.openqa.selenium.TakesScreenshot.getScreenshotAs(org.openqa.selenium.OutputType)&amp;quot; because &amp;quot;screenshot&amp;quot; is null">
      <![CDATA[java.lang.NullPointerException: Cannot invoke "org.openqa.selenium.TakesScreenshot.getScreenshotAs(org.openqa.selenium.OutputType)" because "screenshot" is null
at com.report.ExtentFactory.captureApplicationScreenshot(ExtentFactory.java:59)
at com.report.ExtentFactory.failTest(ExtentFactory.java:102)
at com.waits.ExplicitWaitActions.waitForElementToBePresent(ExplicitWaitActions.java:31)
at com.base.BasePage.sendKeys(BasePage.java:45)
at com.pages.AdminPage.searchTheUsers(AdminPage.java:44)
at com.test.AdminPageTest.checkIfAdminIsSerching(AdminPageTest.java:20)
at java.base/java.util.ArrayList.forEach(ArrayList.java:1596)
at java.base/java.util.concurrent.FutureTask.run(FutureTask.java:317)
at java.base/java.util.concurrent.ThreadPoolExecutor.runWorker(ThreadPoolExecutor.java:1144)
at java.base/java.util.concurrent.ThreadPoolExecutor$Worker.run(ThreadPoolExecutor.java:642)
at java.base/java.lang.Thread.run(Thread.java:1583)
... Removed 15 stack frames]]>
    </failure>
  </testcase> <!-- checkIfAdminIsSerching -->
  <testcase classname="com.test.AdminPageTest" name="checkIfResetFunctionalityIsWorking" time="0.003">
    <failure type="java.lang.NullPointerException" message="Cannot invoke &amp;quot;org.openqa.selenium.TakesScreenshot.getScreenshotAs(org.openqa.selenium.OutputType)&amp;quot; because &amp;quot;screenshot&amp;quot; is null">
      <![CDATA[java.lang.NullPointerException: Cannot invoke "org.openqa.selenium.TakesScreenshot.getScreenshotAs(org.openqa.selenium.OutputType)" because "screenshot" is null
at com.report.ExtentFactory.captureApplicationScreenshot(ExtentFactory.java:59)
at com.report.ExtentFactory.failTest(ExtentFactory.java:102)
at com.waits.ExplicitWaitActions.waitForElementToBeClickable(ExplicitWaitActions.java:47)
at com.base.BasePage.click(BasePage.java:35)
at com.pages.AdminPage.resetTheUsers(AdminPage.java:52)
at com.test.AdminPageTest.checkIfResetFunctionalityIsWorking(AdminPageTest.java:25)
at java.base/java.util.ArrayList.forEach(ArrayList.java:1596)
at java.base/java.util.concurrent.FutureTask.run(FutureTask.java:317)
at java.base/java.util.concurrent.ThreadPoolExecutor.runWorker(ThreadPoolExecutor.java:1144)
at java.base/java.util.concurrent.ThreadPoolExecutor$Worker.run(ThreadPoolExecutor.java:642)
at java.base/java.lang.Thread.run(Thread.java:1583)
... Removed 15 stack frames]]>
    </failure>
  </testcase> <!-- checkIfResetFunctionalityIsWorking -->
  <testcase classname="com.test.AddUserTest" name="checkIfStatusDropdwonisOpened" time="0.002">
    <failure type="java.lang.NullPointerException" message="Cannot invoke &amp;quot;org.openqa.selenium.TakesScreenshot.getScreenshotAs(org.openqa.selenium.OutputType)&amp;quot; because &amp;quot;screenshot&amp;quot; is null">
      <![CDATA[java.lang.NullPointerException: Cannot invoke "org.openqa.selenium.TakesScreenshot.getScreenshotAs(org.openqa.selenium.OutputType)" because "screenshot" is null
at com.report.ExtentFactory.captureApplicationScreenshot(ExtentFactory.java:59)
at com.report.ExtentFactory.failTest(ExtentFactory.java:102)
at com.waits.ExplicitWaitActions.waitForElementToBeClickable(ExplicitWaitActions.java:47)
at com.base.BasePage.click(BasePage.java:35)
at com.pages.AddUserPage.clickStatusDropdown(AddUserPage.java:29)
at com.test.AddUserTest.checkIfStatusDropdwonisOpened(AddUserTest.java:27)
at java.base/java.util.ArrayList.forEach(ArrayList.java:1596)
at java.base/java.util.concurrent.FutureTask.run(FutureTask.java:317)
at java.base/java.util.concurrent.ThreadPoolExecutor.runWorker(ThreadPoolExecutor.java:1144)
at java.base/java.util.concurrent.ThreadPoolExecutor$Worker.run(ThreadPoolExecutor.java:642)
at java.base/java.lang.Thread.run(Thread.java:1583)
... Removed 15 stack frames]]>
    </failure>
  </testcase> <!-- checkIfStatusDropdwonisOpened -->
  <testcase classname="com.test.AddUserTest" name="checkIfUserDropdwonisOpened" time="0.001">
    <failure type="java.lang.NullPointerException" message="Cannot invoke &amp;quot;org.openqa.selenium.TakesScreenshot.getScreenshotAs(org.openqa.selenium.OutputType)&amp;quot; because &amp;quot;screenshot&amp;quot; is null">
      <![CDATA[java.lang.NullPointerException: Cannot invoke "org.openqa.selenium.TakesScreenshot.getScreenshotAs(org.openqa.selenium.OutputType)" because "screenshot" is null
at com.report.ExtentFactory.captureApplicationScreenshot(ExtentFactory.java:59)
at com.report.ExtentFactory.failTest(ExtentFactory.java:102)
at com.waits.ExplicitWaitActions.waitForElementToBeClickable(ExplicitWaitActions.java:47)
at com.base.BasePage.click(BasePage.java:35)
at com.pages.AddUserPage.clickuserRoleDropdown(AddUserPage.java:25)
at com.test.AddUserTest.checkIfUserDropdwonisOpened(AddUserTest.java:21)
at java.base/java.util.ArrayList.forEach(ArrayList.java:1596)
at java.base/java.util.concurrent.FutureTask.run(FutureTask.java:317)
at java.base/java.util.concurrent.ThreadPoolExecutor.runWorker(ThreadPoolExecutor.java:1144)
at java.base/java.util.concurrent.ThreadPoolExecutor$Worker.run(ThreadPoolExecutor.java:642)
at java.base/java.lang.Thread.run(Thread.java:1583)
... Removed 15 stack frames]]>
    </failure>
  </testcase> <!-- checkIfUserDropdwonisOpened -->
  <testcase classname="com.base.BaseTest" name="@AfterSuite TearDown" time="0.0">
    <ignored/>
  </testcase> <!-- @AfterSuite TearDown -->
  <testcase classname="com.base.BaseTest" name="@AfterSuite TearDown" time="0.0">
    <ignored/>
  </testcase> <!-- @AfterSuite TearDown -->
  <testcase classname="com.base.BaseTest" name="@AfterSuite TearDown" time="0.0">
    <ignored/>
  </testcase> <!-- @AfterSuite TearDown -->
  <testcase classname="com.base.BaseTest" name="@BeforeSuite setUp" time="0.0">
    <ignored/>
  </testcase> <!-- @BeforeSuite setUp -->
</testsuite> <!-- OrangeHRMTest1 -->
