<?xml version="1.0" encoding="UTF-8"?>
<!-- Generated by org.testng.reporters.JUnitXMLReporter -->
<testsuite ignored="6" hostname="TDhande" failures="1" tests="10" name="Test" time="36.158" errors="0" timestamp="2025-11-04T16:08:13 IST">
  <testcase classname="com.test.LoginTest" name="loginWithValidUsernameAndValidPassword" time="2.315"/>
  <testcase classname="com.test.HomePageTest" name="checkIfAdminPageisOpened" time="1.399"/>
  <testcase classname="com.test.AdminPageTest" name="checkIfAdminIsSerching" time="1.651"/>
  <testcase classname="com.test.AdminPageTest" name="checkIfResetFunctionalityIsWorking" time="0.354"/>
  <testcase classname="com.test.AdminPageTest" name="checkIfAddButtonClicked" time="0.707"/>
  <testcase classname="com.test.AddUserTest" name="checkIfNewUserAdded" time="15.332">
    <failure type="java.lang.AssertionError" message="Expected URL was: https://opensource-demo.orangehrmlive.com/web/index.php/admin/viewSystemUsers but got: https://opensource-demo.orangehrmlive.com/web/index.php/admin/saveSystemUser">
      <![CDATA[java.lang.AssertionError: Expected URL was: https://opensource-demo.orangehrmlive.com/web/index.php/admin/viewSystemUsers but got: https://opensource-demo.orangehrmlive.com/web/index.php/admin/saveSystemUser
at com.test.AddUserTest.checkIfNewUserAdded(AddUserTest.java:35)
at java.base/java.util.ArrayList.forEach(ArrayList.java:1596)
... Removed 26 stack frames]]>
    </failure>
  </testcase> <!-- checkIfNewUserAdded -->
  <testcase classname="com.test.HomePageTest" name="checkIfPIMPageIsOpened" time="1.094"/>
  <testcase classname="com.test.PIMPageTest" name="addEmployee" time="3.875"/>
  <testcase classname="com.test.HomePageTest" name="checkIfLeavePageisOpened" time="1.064"/>
  <testcase classname="com.test.LeavePageTest" name="applyLeavebySelectingValidInput" time="6.494"/>
  <testcase classname="com.base.BaseTest" name="@AfterSuite TearDown" time="0.0">
    <ignored/>
  </testcase> <!-- @AfterSuite TearDown -->
  <testcase classname="com.base.BaseTest" name="@AfterSuite TearDown" time="0.0">
    <ignored/>
  </testcase> <!-- @AfterSuite TearDown -->
  <testcase classname="com.base.BaseTest" name="@AfterSuite TearDown" time="0.0">
    <ignored/>
  </testcase> <!-- @AfterSuite TearDown -->
  <testcase classname="com.base.BaseTest" name="@BeforeSuite setUp" time="0.0">
    <ignored/>
  </testcase> <!-- @BeforeSuite setUp -->
  <testcase classname="com.base.BaseTest" name="@AfterSuite TearDown" time="0.0">
    <ignored/>
  </testcase> <!-- @AfterSuite TearDown -->
  <testcase classname="com.base.BaseTest" name="@AfterSuite TearDown" time="0.0">
    <ignored/>
  </testcase> <!-- @AfterSuite TearDown -->
</testsuite> <!-- Test -->
