<?xml version="1.0" encoding="UTF-8"?>
<!-- Generated by org.testng.reporters.JUnitXMLReporter -->
<testsuite ignored="4" hostname="TDhande" failures="0" tests="6" name="Test" time="8.385" errors="0" timestamp="2025-10-10T15:13:52 IST">
  <testcase classname="com.test.LoginTest" name="loginWithValidUsernameAndValidPassword" time="2.583"/>
  <testcase classname="com.test.HomePageTest" name="checkIfAdminPageisOpened" time="1.481"/>
  <testcase classname="com.test.AdminPageTest" name="checkIfAdminIsSerching" time="1.492"/>
  <testcase classname="com.test.AdminPageTest" name="checkIfResetFunctionalityIsWorking" time="0.403"/>
  <testcase classname="com.test.AddUserTest" name="checkIfStatusDropdwonisOpened" time="0.391"/>
  <testcase classname="com.test.AddUserTest" name="checkIfUserDropdwonisOpened" time="0.339"/>
  <testcase classname="com.base.BaseTest" name="@BeforeSuite setUp" time="0.0">
    <ignored/>
  </testcase> <!-- @BeforeSuite setUp -->
  <testcase classname="com.base.BaseTest" name="@AfterSuite TearDown" time="0.0">
    <ignored/>
  </testcase> <!-- @AfterSuite TearDown -->
  <testcase classname="com.base.BaseTest" name="@AfterSuite TearDown" time="0.0">
    <ignored/>
  </testcase> <!-- @AfterSuite TearDown -->
  <testcase classname="com.base.BaseTest" name="@AfterSuite TearDown" time="0.0">
    <ignored/>
  </testcase> <!-- @AfterSuite TearDown -->
</testsuite> <!-- Test -->
