<?xml version="1.0" encoding="UTF-8"?>
<testng-results ignored="0" total="1" passed="1" failed="0" skipped="0">
  <reporter-output>
  </reporter-output>
  <suite started-at="2025-06-19T21:04:36 IST" name="Suite" finished-at="2025-06-19T21:04:37 IST" duration-ms="1027">
    <groups>
    </groups>
    <test started-at="2025-06-19T21:04:36 IST" name="Test" finished-at="2025-06-19T21:04:37 IST" duration-ms="1027">
      <class name="com.test.LoginTest">
        <test-method is-config="true" signature="setUp()[pri:0, instance:com.test.LoginTest@1c32386d]" started-at="2025-06-19T21:04:31 IST" name="setUp" finished-at="2025-06-19T21:04:36 IST" duration-ms="5084" status="PASS">
          <reporter-output>
          </reporter-output>
        </test-method> <!-- setUp -->
        <test-method signature="loginWithValidUsernameAndValidPassword()[pri:0, instance:com.test.LoginTest@1c32386d]" started-at="2025-06-19T21:04:36 IST" name="loginWithValidUsernameAndValidPassword" finished-at="2025-06-19T21:04:37 IST" duration-ms="784" status="PASS">
          <reporter-output>
          </reporter-output>
        </test-method> <!-- loginWithValidUsernameAndValidPassword -->
        <test-method is-config="true" signature="TearDown()[pri:0, instance:com.test.LoginTest@1c32386d]" started-at="2025-06-19T21:04:37 IST" name="TearDown" finished-at="2025-06-19T21:04:38 IST" duration-ms="210" status="PASS">
          <reporter-output>
          </reporter-output>
        </test-method> <!-- TearDown -->
      </class> <!-- com.test.LoginTest -->
    </test> <!-- Test -->
  </suite> <!-- Suite -->
</testng-results>
