<?xml version="1.0" encoding="UTF-8"?>
<!-- Generated by org.testng.reporters.JUnitReportReporter -->
<testsuite hostname="TDhande" failures="0" tests="3" name="com.test.HomePageTest" time="3.181" errors="0" timestamp="2026-05-15T19:55:15 IST" skipped="0">
  <testcase classname="com.test.HomePageTest" name="checkIfAdminPageisOpened" time="1.237"/>
  <testcase classname="com.test.HomePageTest" name="checkIfLeavePageisOpened" time="0.964"/>
  <testcase classname="com.test.HomePageTest" name="checkIfPIMPageIsOpened" time="0.980"/>
</testsuite> <!-- com.test.HomePageTest -->
