<?xml version="1.0" encoding="UTF-8"?>
<!-- Generated by org.testng.reporters.JUnitReportReporter -->
<testsuite hostname="TDhande" failures="0" tests="3" name="com.test.HomePageTest" time="3.557" errors="0" timestamp="2025-11-04T16:08:14 IST" skipped="0">
  <testcase classname="com.test.HomePageTest" name="checkIfAdminPageisOpened" time="1.399"/>
  <testcase classname="com.test.HomePageTest" name="checkIfPIMPageIsOpened" time="1.094"/>
  <testcase classname="com.test.HomePageTest" name="checkIfLeavePageisOpened" time="1.064"/>
</testsuite> <!-- com.test.HomePageTest -->
